<?xml version="1.0" encoding="UTF-8"?>
<robot generator="Robot 3.1.2 (Python 3.7.6 on win32)" generated="20200105 13:58:19.905" rpa="false">
<suite id="s1" name="Www" source="C:\Users\TomaszFaldrowicz\PycharmProjects\Tau6-Robot\testcases\www.robot">
<test id="s1-t1" name="Navigation">
<kw name="Open Browser To Main Page" library="www_resource">
<kw name="Open Browser" library="SeleniumLibrary">
<doc>Opens a new browser instance to the optional ``url``.</doc>
<arguments>
<arg>${MAIN URL}</arg>
<arg>${BROWSER}</arg>
</arguments>
<msg timestamp="20200105 13:58:20.059" level="INFO">Opening browser 'Chrome' to base url 'http://automationpractice.com/index.php'.</msg>
<status status="PASS" starttime="20200105 13:58:20.059" endtime="20200105 13:58:28.230"></status>
</kw>
<kw name="Title Should Be" library="SeleniumLibrary">
<doc>Verifies that the current page title equals ``title``.</doc>
<arguments>
<arg>My Store</arg>
</arguments>
<msg timestamp="20200105 13:58:28.234" level="INFO">Page title is 'My Store'.</msg>
<status status="PASS" starttime="20200105 13:58:28.230" endtime="20200105 13:58:28.234"></status>
</kw>
<status status="PASS" starttime="20200105 13:58:20.059" endtime="20200105 13:58:28.234"></status>
</kw>
<kw name="Go To T-shirts Page" library="www_resource">
<kw name="Click Element" library="SeleniumLibrary">
<doc>Click the element identified by ``locator``.</doc>
<arguments>
<arg>css = .sf-menu &gt; li:nth-child(1) &gt; a:nth-child(1)</arg>
</arguments>
<msg timestamp="20200105 13:58:28.234" level="INFO">Clicking element 'css = .sf-menu &gt; li:nth-child(1) &gt; a:nth-child(1)'.</msg>
<status status="PASS" starttime="20200105 13:58:28.234" endtime="20200105 13:58:28.969"></status>
</kw>
<status status="PASS" starttime="20200105 13:58:28.234" endtime="20200105 13:58:28.969"></status>
</kw>
<kw name="T-shirts Page Should Be Open" library="www_resource">
<kw name="Location Should Be" library="SeleniumLibrary">
<doc>Verifies that the current URL is exactly ``url``.</doc>
<arguments>
<arg>${T-SHIRTS URL}</arg>
</arguments>
<msg timestamp="20200105 13:58:28.985" level="INFO">Current location is 'http://automationpractice.com/index.php?id_category=3&amp;controller=category'.</msg>
<status status="PASS" starttime="20200105 13:58:28.970" endtime="20200105 13:58:28.985"></status>
</kw>
<status status="PASS" starttime="20200105 13:58:28.969" endtime="20200105 13:58:28.985"></status>
</kw>
<kw name="Close Browser" library="SeleniumLibrary" type="teardown">
<doc>Closes the current browser.</doc>
<status status="PASS" starttime="20200105 13:58:28.985" endtime="20200105 13:58:31.091"></status>
</kw>
<status status="PASS" starttime="20200105 13:58:20.059" endtime="20200105 13:58:31.091" critical="yes"></status>
</test>
<test id="s1-t2" name="Valid_Registration">
<kw name="Set Selenium Speed" library="SeleniumLibrary">
<doc>Sets the delay that is waited after each Selenium command.</doc>
<arguments>
<arg>1</arg>
</arguments>
<status status="PASS" starttime="20200105 13:58:31.091" endtime="20200105 13:58:31.091"></status>
</kw>
<kw name="Open Browser To Main Page" library="www_resource">
<kw name="Open Browser" library="SeleniumLibrary">
<doc>Opens a new browser instance to the optional ``url``.</doc>
<arguments>
<arg>${MAIN URL}</arg>
<arg>${BROWSER}</arg>
</arguments>
<msg timestamp="20200105 13:58:31.091" level="INFO">Opening browser 'Chrome' to base url 'http://automationpractice.com/index.php'.</msg>
<kw name="Capture Page Screenshot" library="SeleniumLibrary">
<doc>Takes a screenshot of the current page and embeds it into a log file.</doc>
<msg timestamp="20200105 13:58:50.321" level="FAIL">WebDriverException: Message: chrome not reachable
  (Session info: chrome=79.0.3945.88)
</msg>
<status status="FAIL" starttime="20200105 13:58:36.260" endtime="20200105 13:58:50.321"></status>
</kw>
<msg timestamp="20200105 13:58:50.321" level="WARN">Keyword 'Capture Page Screenshot' could not be run on failure: WebDriverException: Message: chrome not reachable
  (Session info: chrome=79.0.3945.88)
</msg>
<msg timestamp="20200105 13:58:50.337" level="FAIL">WebDriverException: Message: unknown error: cannot determine loading status
from disconnected: received Inspector.detached event
  (Session info: chrome=79.0.3945.88)
</msg>
<status status="FAIL" starttime="20200105 13:58:31.091" endtime="20200105 13:58:50.337"></status>
</kw>
<status status="FAIL" starttime="20200105 13:58:31.091" endtime="20200105 13:58:50.337"></status>
</kw>
<kw name="Close Browser" library="SeleniumLibrary" type="teardown">
<doc>Closes the current browser.</doc>
<status status="PASS" starttime="20200105 13:58:50.337" endtime="20200105 13:58:53.366"></status>
</kw>
<status status="FAIL" starttime="20200105 13:58:31.091" endtime="20200105 13:58:53.366" critical="yes">WebDriverException: Message: unknown error: cannot determine loading status
from disconnected: received Inspector.detached event
  (Session info: chrome=79.0.3945.88)
</status>
</test>
<test id="s1-t3" name="Valid_Login">
<kw name="Set Selenium Speed" library="SeleniumLibrary">
<doc>Sets the delay that is waited after each Selenium command.</doc>
<arguments>
<arg>1</arg>
</arguments>
<status status="PASS" starttime="20200105 13:58:53.366" endtime="20200105 13:58:53.366"></status>
</kw>
<kw name="Open Browser To Main Page" library="www_resource">
<kw name="Open Browser" library="SeleniumLibrary">
<doc>Opens a new browser instance to the optional ``url``.</doc>
<arguments>
<arg>${MAIN URL}</arg>
<arg>${BROWSER}</arg>
</arguments>
<msg timestamp="20200105 13:58:53.366" level="INFO">Opening browser 'Chrome' to base url 'http://automationpractice.com/index.php'.</msg>
<kw name="Capture Page Screenshot" library="SeleniumLibrary">
<doc>Takes a screenshot of the current page and embeds it into a log file.</doc>
<msg timestamp="20200105 13:59:10.632" level="INFO">Cannot capture screenshot because no browser is open.</msg>
<status status="PASS" starttime="20200105 13:59:10.632" endtime="20200105 13:59:10.632"></status>
</kw>
<msg timestamp="20200105 13:59:10.632" level="FAIL">SessionNotCreatedException: Message: session not created
from chrome not reachable
  (Session info: chrome=79.0.3945.88)
</msg>
<status status="FAIL" starttime="20200105 13:58:53.366" endtime="20200105 13:59:10.632"></status>
</kw>
<status status="FAIL" starttime="20200105 13:58:53.366" endtime="20200105 13:59:10.632"></status>
</kw>
<kw name="Close Browser" library="SeleniumLibrary" type="teardown">
<doc>Closes the current browser.</doc>
<status status="PASS" starttime="20200105 13:59:10.632" endtime="20200105 13:59:10.632"></status>
</kw>
<status status="FAIL" starttime="20200105 13:58:53.366" endtime="20200105 13:59:10.632" critical="yes">SessionNotCreatedException: Message: session not created
from chrome not reachable
  (Session info: chrome=79.0.3945.88)
</status>
</test>
<test id="s1-t4" name="Invalid_Login">
<kw name="Set Selenium Speed" library="SeleniumLibrary">
<doc>Sets the delay that is waited after each Selenium command.</doc>
<arguments>
<arg>1</arg>
</arguments>
<status status="PASS" starttime="20200105 13:59:10.647" endtime="20200105 13:59:10.647"></status>
</kw>
<kw name="Open Browser To Main Page" library="www_resource">
<kw name="Open Browser" library="SeleniumLibrary">
<doc>Opens a new browser instance to the optional ``url``.</doc>
<arguments>
<arg>${MAIN URL}</arg>
<arg>${BROWSER}</arg>
</arguments>
<msg timestamp="20200105 13:59:10.647" level="INFO">Opening browser 'Chrome' to base url 'http://automationpractice.com/index.php'.</msg>
<status status="PASS" starttime="20200105 13:59:10.647" endtime="20200105 13:59:28.623"></status>
</kw>
<kw name="Title Should Be" library="SeleniumLibrary">
<doc>Verifies that the current page title equals ``title``.</doc>
<arguments>
<arg>My Store</arg>
</arguments>
<msg timestamp="20200105 13:59:29.641" level="INFO">Page title is 'My Store'.</msg>
<status status="PASS" starttime="20200105 13:59:28.623" endtime="20200105 13:59:29.641"></status>
</kw>
<status status="PASS" starttime="20200105 13:59:10.647" endtime="20200105 13:59:29.641"></status>
</kw>
<kw name="Log In" library="www_resource">
<kw name="Click Element" library="SeleniumLibrary">
<doc>Click the element identified by ``locator``.</doc>
<arguments>
<arg>class=login</arg>
</arguments>
<msg timestamp="20200105 13:59:29.641" level="INFO">Clicking element 'class=login'.</msg>
<status status="PASS" starttime="20200105 13:59:29.641" endtime="20200105 13:59:33.661"></status>
</kw>
<status status="PASS" starttime="20200105 13:59:29.641" endtime="20200105 13:59:33.661"></status>
</kw>
<kw name="Input Email" library="www_resource">
<arguments>
<arg>${INVALID EMAIL}</arg>
</arguments>
<kw name="Input Text" library="SeleniumLibrary">
<doc>Types the given ``text`` into the text field identified by ``locator``.</doc>
<arguments>
<arg>email</arg>
<arg>${email}</arg>
</arguments>
<msg timestamp="20200105 13:59:33.661" level="INFO">Typing text 'invalid@gmail.com' into text field 'email'.</msg>
<status status="PASS" starttime="20200105 13:59:33.661" endtime="20200105 13:59:36.920"></status>
</kw>
<status status="PASS" starttime="20200105 13:59:33.661" endtime="20200105 13:59:36.920"></status>
</kw>
<kw name="Input Password" library="www_resource">
<arguments>
<arg>${INVALID PASSWORD}</arg>
</arguments>
<kw name="Input Text" library="SeleniumLibrary">
<doc>Types the given ``text`` into the text field identified by ``locator``.</doc>
<arguments>
<arg>passwd</arg>
<arg>${passwd}</arg>
</arguments>
<msg timestamp="20200105 13:59:36.920" level="INFO">Typing text 'Invalid_password123' into text field 'passwd'.</msg>
<status status="PASS" starttime="20200105 13:59:36.920" endtime="20200105 13:59:40.173"></status>
</kw>
<status status="PASS" starttime="20200105 13:59:36.920" endtime="20200105 13:59:40.173"></status>
</kw>
<kw name="Submit Credentials" library="www_resource">
<kw name="Click Button" library="SeleniumLibrary">
<doc>Clicks the button identified by ``locator``.</doc>
<arguments>
<arg>SubmitLogin</arg>
</arguments>
<msg timestamp="20200105 13:59:40.173" level="INFO">Clicking button 'SubmitLogin'.</msg>
<status status="PASS" starttime="20200105 13:59:40.173" endtime="20200105 13:59:45.235"></status>
</kw>
<status status="PASS" starttime="20200105 13:59:40.173" endtime="20200105 13:59:45.235"></status>
</kw>
<kw name="Alert Page Should Be Open" library="www_resource">
<kw name="Location Should Be" library="SeleniumLibrary">
<doc>Verifies that the current URL is exactly ``url``.</doc>
<arguments>
<arg>${ALERT URL}</arg>
</arguments>
<msg timestamp="20200105 13:59:46.237" level="INFO">Current location is 'http://automationpractice.com/index.php?controller=authentication'.</msg>
<status status="PASS" starttime="20200105 13:59:45.235" endtime="20200105 13:59:46.237"></status>
</kw>
<status status="PASS" starttime="20200105 13:59:45.235" endtime="20200105 13:59:46.237"></status>
</kw>
<kw name="Close Browser" library="SeleniumLibrary" type="teardown">
<doc>Closes the current browser.</doc>
<status status="PASS" starttime="20200105 13:59:46.237" endtime="20200105 13:59:49.313"></status>
</kw>
<status status="PASS" starttime="20200105 13:59:10.632" endtime="20200105 13:59:49.313" critical="yes"></status>
</test>
<doc>automationpractice.com - simple tests</doc>
<status status="FAIL" starttime="20200105 13:58:19.905" endtime="20200105 13:59:49.313"></status>
</suite>
<statistics>
<total>
<stat pass="2" fail="2">Critical Tests</stat>
<stat pass="2" fail="2">All Tests</stat>
</total>
<tag>
</tag>
<suite>
<stat pass="2" fail="2" id="s1" name="Www">Www</stat>
</suite>
</statistics>
<errors>
<msg timestamp="20200105 13:58:50.321" level="WARN">Keyword 'Capture Page Screenshot' could not be run on failure: WebDriverException: Message: chrome not reachable
  (Session info: chrome=79.0.3945.88)
</msg>
</errors>
</robot>
